<?xml version="1.0" encoding="UTF-8"?>
<testsuite xmlns:xsi="http://www.w3.org/2001/XMLSchema-instance" xsi:noNamespaceSchemaLocation="https://maven.apache.org/surefire/maven-surefire-plugin/xsd/surefire-test-report-3.0.xsd" version="3.0" name="contactService.ContactTest" time="0.01" tests="6" errors="0" skipped="0" failures="0">
  <properties>
[...]
</properties>
  <testcase name="testContactPhone" classname="contactService.ContactTest" time="0.001"/>
  <testcase name="testContactFirstName" classname="contactService.ContactTest" time="0.002"/>
  <testcase name="testContactID" classname="contactService.ContactTest" time="0.001"/>
  <testcase name="testContactCreation" classname="contactService.ContactTest" time="0.001"/>
  <testcase name="testContactAddress" classname="contactService.ContactTest" time="0.001"/>
  <testcase name="testContactLastName" classname="contactService.ContactTest" time="0.001"/>
</testsuite>